<?xml version="1.0" encoding="UTF-8"?>
<testsuite name="createOrder" tests="4" skipped="0" failures="0" errors="0" timestamp="2026-02-09T19:49:16.377Z" hostname="RubenS" time="0.028">
  <properties/>
  <testcase name="throws InvalidOrderApplicationException when customerId blank" classname="com.example.management.application.services.OrderServiceTest$CreateOrder" time="0.005"/>
  <testcase name="throws InvalidOrderApplicationException when lines empty" classname="com.example.management.application.services.OrderServiceTest$CreateOrder" time="0.004"/>
  <testcase name="throws InvalidOrderApplicationException when line has invalid data" classname="com.example.management.application.services.OrderServiceTest$CreateOrder" time="0.005"/>
  <testcase name="saves and returns order when valid" classname="com.example.management.application.services.OrderServiceTest$CreateOrder" time="0.007"/>
  <system-out><![CDATA[]]></system-out>
  <system-err><![CDATA[]]></system-err>
</testsuite>
