<?xml version="1.0" encoding="UTF-8"?>
<testsuite name="createOrder" tests="4" skipped="0" failures="0" errors="0" timestamp="2026-02-09T19:29:24.630Z" hostname="RubenS" time="0.05">
  <properties/>
  <testcase name="throws InvalidOrderException when customerId blank" classname="com.example.management.application.services.OrderServiceTest$CreateOrder" time="0.007"/>
  <testcase name="throws InvalidOrderException when lines empty" classname="com.example.management.application.services.OrderServiceTest$CreateOrder" time="0.008"/>
  <testcase name="throws InvalidOrderLineException when line has invalid data" classname="com.example.management.application.services.OrderServiceTest$CreateOrder" time="0.006"/>
  <testcase name="saves and returns order when valid" classname="com.example.management.application.services.OrderServiceTest$CreateOrder" time="0.018"/>
  <system-out><![CDATA[]]></system-out>
  <system-err><![CDATA[]]></system-err>
</testsuite>
