<?xml version="1.0" encoding="UTF-8"?>
<testsuite name="status" tests="4" skipped="0" failures="0" errors="0" timestamp="2026-02-09T19:49:16.462Z" hostname="RubenS" time="0.011">
  <properties/>
  <testcase name="cancel changes status to CANCELLED" classname="com.example.management.domain.model.OrderTest$Status" time="0.002"/>
  <testcase name="confirm changes status to CONFIRMED" classname="com.example.management.domain.model.OrderTest$Status" time="0.001"/>
  <testcase name="new order has DRAFT status" classname="com.example.management.domain.model.OrderTest$Status" time="0.002"/>
  <testcase name="ship changes status to SHIPPED" classname="com.example.management.domain.model.OrderTest$Status" time="0.001"/>
  <system-out><![CDATA[]]></system-out>
  <system-err><![CDATA[]]></system-err>
</testsuite>
