<?xml version="1.0" encoding="UTF-8"?>
<testsuite name="getAllOrders" tests="2" skipped="0" failures="0" errors="0" timestamp="2026-02-09T19:40:57.110Z" hostname="RubenS" time="0.045">
  <properties/>
  <testcase name="returns empty list when no orders" classname="com.example.management.application.services.OrderServiceTest$GetAllOrders" time="0.024"/>
  <testcase name="returns all orders from repository" classname="com.example.management.application.services.OrderServiceTest$GetAllOrders" time="0.018"/>
  <system-out><![CDATA[]]></system-out>
  <system-err><![CDATA[]]></system-err>
</testsuite>
