<?xml version="1.0" encoding="UTF-8"?>
<testsuite name="total" tests="2" skipped="0" failures="0" errors="0" timestamp="2026-02-09T19:44:10.771Z" hostname="RubenS" time="0.006">
  <properties/>
  <testcase name="single line order total equals that line total" classname="com.example.management.domain.model.OrderTest$Total" time="0.002"/>
  <testcase name="order total must equal sum of line totals" classname="com.example.management.domain.model.OrderTest$Total" time="0.002"/>
  <system-out><![CDATA[]]></system-out>
  <system-err><![CDATA[]]></system-err>
</testsuite>
