<?xml version="1.0" encoding="UTF-8"?>
<testsuite name="findAll" tests="2" skipped="0" failures="0" errors="0" timestamp="2026-02-09T19:49:16.516Z" hostname="RubenS" time="0.006">
  <properties/>
  <testcase name="findAll_returns_all_saved_orders()" classname="com.example.management.application.ports.out.AbstractOrderRepositoryContractTest$FindAll" time="0.003"/>
  <testcase name="findAll_returns_empty_when_no_orders()" classname="com.example.management.application.ports.out.AbstractOrderRepositoryContractTest$FindAll" time="0.001"/>
  <system-out><![CDATA[]]></system-out>
  <system-err><![CDATA[]]></system-err>
</testsuite>
