<?xml version="1.0" encoding="UTF-8"?>
<testsuite name="cancelOrder" tests="2" skipped="0" failures="0" errors="0" timestamp="2026-02-09T19:40:54.592Z" hostname="RubenS" time="2.421">
  <properties/>
  <testcase name="throws OrderNotFoundApplicationException when order not found" classname="com.example.management.application.services.OrderServiceTest$CancelOrder" time="2.373"/>
  <testcase name="cancels and saves order when found" classname="com.example.management.application.services.OrderServiceTest$CancelOrder" time="0.042"/>
  <system-out><![CDATA[]]></system-out>
  <system-err><![CDATA[]]></system-err>
</testsuite>
