<?xml version="1.0" encoding="UTF-8"?>
<testsuite name="confirmOrder" tests="2" skipped="0" failures="0" errors="0" timestamp="2026-02-09T19:44:10.497Z" hostname="RubenS" time="0.029">
  <properties/>
  <testcase name="throws OrderNotFoundApplicationException when order not found" classname="com.example.management.application.services.OrderServiceTest$ConfirmOrder" time="0.012"/>
  <testcase name="confirms and saves order when found" classname="com.example.management.application.services.OrderServiceTest$ConfirmOrder" time="0.013"/>
  <system-out><![CDATA[]]></system-out>
  <system-err><![CDATA[]]></system-err>
</testsuite>
