<?xml version="1.0" encoding="UTF-8"?>
<testsuite name="line total" tests="2" skipped="0" failures="0" errors="0" timestamp="2026-02-09T19:49:16.411Z" hostname="RubenS" time="0.011">
  <properties/>
  <testcase name="line total is quantity times unit price" classname="com.example.management.domain.model.OrderLineTest$LineTotal" time="0.006"/>
  <testcase name="line total uses scale 2 for currency" classname="com.example.management.domain.model.OrderLineTest$LineTotal" time="0.002"/>
  <system-out><![CDATA[]]></system-out>
  <system-err><![CDATA[]]></system-err>
</testsuite>
