<?xml version="1.0" encoding="UTF-8"?>
<testsuite name="shipOrder" tests="2" skipped="0" failures="0" errors="0" timestamp="2026-02-09T19:49:16.256Z" hostname="RubenS" time="0.021">
  <properties/>
  <testcase name="throws OrderNotFoundApplicationException when order not found" classname="com.example.management.application.services.OrderServiceTest$ShipOrder" time="0.01"/>
  <testcase name="ships and saves order when found" classname="com.example.management.application.services.OrderServiceTest$ShipOrder" time="0.007"/>
  <system-out><![CDATA[]]></system-out>
  <system-err><![CDATA[]]></system-err>
</testsuite>
